Building DAG of jobs...
Using shell: /home/klawren/micromamba/bin/bash
Provided cores: 1 (use --cores to define parallelism)
Rules claiming more threads will be scaled down.
Provided resources: mem_mb=30000, mem_mib=954, disk_mb=1000, disk_mib=954, nodes=1, threads=1
Select jobs to execute...

[Fri Mar 22 13:35:25 2024]
rule run_pcqtl_cis_nominal:
    input: data/processed/genotypes/GTEx_Analysis_2017-06-05_v8_WholeGenomeSeq_838Indiv_Analysis_Freeze.SHAPEIT2_phased.MAF01.fam, output/pcs_proteincoding/Skin_Not_Sun_Exposed_Suprapubic.pcs.bed, data/processed/covariates_tami/Skin_Not_Sun_Exposed_Suprapubic.v8.covariates.txt
    output: output/pcqtl_proteincoding/Skin_Not_Sun_Exposed_Suprapubic/Skin_Not_Sun_Exposed_Suprapubic.v8.pcs.cis_qtl_pairs.chr1.parquet, output/pcqtl_proteincoding/Skin_Not_Sun_Exposed_Suprapubic/Skin_Not_Sun_Exposed_Suprapubic.v8.pcs.cis_qtl_pairs.chr2.parquet, output/pcqtl_proteincoding/Skin_Not_Sun_Exposed_Suprapubic/Skin_Not_Sun_Exposed_Suprapubic.v8.pcs.cis_qtl_pairs.chr3.parquet, output/pcqtl_proteincoding/Skin_Not_Sun_Exposed_Suprapubic/Skin_Not_Sun_Exposed_Suprapubic.v8.pcs.cis_qtl_pairs.chr4.parquet, output/pcqtl_proteincoding/Skin_Not_Sun_Exposed_Suprapubic/Skin_Not_Sun_Exposed_Suprapubic.v8.pcs.cis_qtl_pairs.chr5.parquet, output/pcqtl_proteincoding/Skin_Not_Sun_Exposed_Suprapubic/Skin_Not_Sun_Exposed_Suprapubic.v8.pcs.cis_qtl_pairs.chr6.parquet, output/pcqtl_proteincoding/Skin_Not_Sun_Exposed_Suprapubic/Skin_Not_Sun_Exposed_Suprapubic.v8.pcs.cis_qtl_pairs.chr7.parquet, output/pcqtl_proteincoding/Skin_Not_Sun_Exposed_Suprapubic/Skin_Not_Sun_Exposed_Suprapubic.v8.pcs.cis_qtl_pairs.chr8.parquet, output/pcqtl_proteincoding/Skin_Not_Sun_Exposed_Suprapubic/Skin_Not_Sun_Exposed_Suprapubic.v8.pcs.cis_qtl_pairs.chr9.parquet, output/pcqtl_proteincoding/Skin_Not_Sun_Exposed_Suprapubic/Skin_Not_Sun_Exposed_Suprapubic.v8.pcs.cis_qtl_pairs.chr10.parquet, output/pcqtl_proteincoding/Skin_Not_Sun_Exposed_Suprapubic/Skin_Not_Sun_Exposed_Suprapubic.v8.pcs.cis_qtl_pairs.chr11.parquet, output/pcqtl_proteincoding/Skin_Not_Sun_Exposed_Suprapubic/Skin_Not_Sun_Exposed_Suprapubic.v8.pcs.cis_qtl_pairs.chr12.parquet, output/pcqtl_proteincoding/Skin_Not_Sun_Exposed_Suprapubic/Skin_Not_Sun_Exposed_Suprapubic.v8.pcs.cis_qtl_pairs.chr13.parquet, output/pcqtl_proteincoding/Skin_Not_Sun_Exposed_Suprapubic/Skin_Not_Sun_Exposed_Suprapubic.v8.pcs.cis_qtl_pairs.chr14.parquet, output/pcqtl_proteincoding/Skin_Not_Sun_Exposed_Suprapubic/Skin_Not_Sun_Exposed_Suprapubic.v8.pcs.cis_qtl_pairs.chr15.parquet, output/pcqtl_proteincoding/Skin_Not_Sun_Exposed_Suprapubic/Skin_Not_Sun_Exposed_Suprapubic.v8.pcs.cis_qtl_pairs.chr16.parquet, output/pcqtl_proteincoding/Skin_Not_Sun_Exposed_Suprapubic/Skin_Not_Sun_Exposed_Suprapubic.v8.pcs.cis_qtl_pairs.chr17.parquet, output/pcqtl_proteincoding/Skin_Not_Sun_Exposed_Suprapubic/Skin_Not_Sun_Exposed_Suprapubic.v8.pcs.cis_qtl_pairs.chr18.parquet, output/pcqtl_proteincoding/Skin_Not_Sun_Exposed_Suprapubic/Skin_Not_Sun_Exposed_Suprapubic.v8.pcs.cis_qtl_pairs.chr19.parquet, output/pcqtl_proteincoding/Skin_Not_Sun_Exposed_Suprapubic/Skin_Not_Sun_Exposed_Suprapubic.v8.pcs.cis_qtl_pairs.chr20.parquet, output/pcqtl_proteincoding/Skin_Not_Sun_Exposed_Suprapubic/Skin_Not_Sun_Exposed_Suprapubic.v8.pcs.cis_qtl_pairs.chr21.parquet, output/pcqtl_proteincoding/Skin_Not_Sun_Exposed_Suprapubic/Skin_Not_Sun_Exposed_Suprapubic.v8.pcs.cis_qtl_pairs.chr22.parquet
    jobid: 0
    reason: Missing output files: output/pcqtl_proteincoding/Skin_Not_Sun_Exposed_Suprapubic/Skin_Not_Sun_Exposed_Suprapubic.v8.pcs.cis_qtl_pairs.chr7.parquet, output/pcqtl_proteincoding/Skin_Not_Sun_Exposed_Suprapubic/Skin_Not_Sun_Exposed_Suprapubic.v8.pcs.cis_qtl_pairs.chr1.parquet, output/pcqtl_proteincoding/Skin_Not_Sun_Exposed_Suprapubic/Skin_Not_Sun_Exposed_Suprapubic.v8.pcs.cis_qtl_pairs.chr5.parquet, output/pcqtl_proteincoding/Skin_Not_Sun_Exposed_Suprapubic/Skin_Not_Sun_Exposed_Suprapubic.v8.pcs.cis_qtl_pairs.chr22.parquet, output/pcqtl_proteincoding/Skin_Not_Sun_Exposed_Suprapubic/Skin_Not_Sun_Exposed_Suprapubic.v8.pcs.cis_qtl_pairs.chr16.parquet, output/pcqtl_proteincoding/Skin_Not_Sun_Exposed_Suprapubic/Skin_Not_Sun_Exposed_Suprapubic.v8.pcs.cis_qtl_pairs.chr21.parquet, output/pcqtl_proteincoding/Skin_Not_Sun_Exposed_Suprapubic/Skin_Not_Sun_Exposed_Suprapubic.v8.pcs.cis_qtl_pairs.chr8.parquet, output/pcqtl_proteincoding/Skin_Not_Sun_Exposed_Suprapubic/Skin_Not_Sun_Exposed_Suprapubic.v8.pcs.cis_qtl_pairs.chr14.parquet, output/pcqtl_proteincoding/Skin_Not_Sun_Exposed_Suprapubic/Skin_Not_Sun_Exposed_Suprapubic.v8.pcs.cis_qtl_pairs.chr15.parquet, output/pcqtl_proteincoding/Skin_Not_Sun_Exposed_Suprapubic/Skin_Not_Sun_Exposed_Suprapubic.v8.pcs.cis_qtl_pairs.chr17.parquet, output/pcqtl_proteincoding/Skin_Not_Sun_Exposed_Suprapubic/Skin_Not_Sun_Exposed_Suprapubic.v8.pcs.cis_qtl_pairs.chr9.parquet, output/pcqtl_proteincoding/Skin_Not_Sun_Exposed_Suprapubic/Skin_Not_Sun_Exposed_Suprapubic.v8.pcs.cis_qtl_pairs.chr6.parquet, output/pcqtl_proteincoding/Skin_Not_Sun_Exposed_Suprapubic/Skin_Not_Sun_Exposed_Suprapubic.v8.pcs.cis_qtl_pairs.chr2.parquet, output/pcqtl_proteincoding/Skin_Not_Sun_Exposed_Suprapubic/Skin_Not_Sun_Exposed_Suprapubic.v8.pcs.cis_qtl_pairs.chr10.parquet, output/pcqtl_proteincoding/Skin_Not_Sun_Exposed_Suprapubic/Skin_Not_Sun_Exposed_Suprapubic.v8.pcs.cis_qtl_pairs.chr3.parquet, output/pcqtl_proteincoding/Skin_Not_Sun_Exposed_Suprapubic/Skin_Not_Sun_Exposed_Suprapubic.v8.pcs.cis_qtl_pairs.chr19.parquet, output/pcqtl_proteincoding/Skin_Not_Sun_Exposed_Suprapubic/Skin_Not_Sun_Exposed_Suprapubic.v8.pcs.cis_qtl_pairs.chr20.parquet, output/pcqtl_proteincoding/Skin_Not_Sun_Exposed_Suprapubic/Skin_Not_Sun_Exposed_Suprapubic.v8.pcs.cis_qtl_pairs.chr4.parquet, output/pcqtl_proteincoding/Skin_Not_Sun_Exposed_Suprapubic/Skin_Not_Sun_Exposed_Suprapubic.v8.pcs.cis_qtl_pairs.chr13.parquet, output/pcqtl_proteincoding/Skin_Not_Sun_Exposed_Suprapubic/Skin_Not_Sun_Exposed_Suprapubic.v8.pcs.cis_qtl_pairs.chr12.parquet, output/pcqtl_proteincoding/Skin_Not_Sun_Exposed_Suprapubic/Skin_Not_Sun_Exposed_Suprapubic.v8.pcs.cis_qtl_pairs.chr18.parquet, output/pcqtl_proteincoding/Skin_Not_Sun_Exposed_Suprapubic/Skin_Not_Sun_Exposed_Suprapubic.v8.pcs.cis_qtl_pairs.chr11.parquet
    wildcards: TISSUE=Skin_Not_Sun_Exposed_Suprapubic
    resources: mem_mb=30000, mem_mib=954, disk_mb=1000, disk_mib=954, tmpdir=/local/scratch/klawren/slrmtmp.42774698, partition=batch, account=smontgom, time=2:00:00, mem=30G, nodes=1, threads=1


        python -m tensorqtl data/processed/genotypes/GTEx_Analysis_2017-06-05_v8_WholeGenomeSeq_838Indiv_Analysis_Freeze.SHAPEIT2_phased.MAF01             output/pcs_proteincoding/Skin_Not_Sun_Exposed_Suprapubic.pcs.bed             output/pcqtl_proteincoding/Skin_Not_Sun_Exposed_Suprapubic/Skin_Not_Sun_Exposed_Suprapubic.v8.pcs             --covariates data/processed/covariates_tami/Skin_Not_Sun_Exposed_Suprapubic.v8.covariates.txt             --mode cis_nominal
        
Activating conda environment: tensorqtl_r
Warning: The R output will not be colorized because it seems that your terminal does not support ANSI escape codes. isatty(stdout()) returned FALSE.

Traceback (most recent call last):
  File "/home/klawren/micromamba/envs/tensorqtl_r/lib/python3.8/runpy.py", line 194, in _run_module_as_main
    return _run_code(code, main_globals, None,
  File "/home/klawren/micromamba/envs/tensorqtl_r/lib/python3.8/runpy.py", line 87, in _run_code
    exec(code, run_globals)
  File "/home/klawren/micromamba/envs/tensorqtl_r/lib/python3.8/site-packages/tensorqtl/__main__.py", line 2, in <module>
    tensorqtl.main()
  File "/home/klawren/micromamba/envs/tensorqtl_r/lib/python3.8/site-packages/tensorqtl/tensorqtl.py", line 74, in main
    phenotype_df, phenotype_pos_df = read_phenotype_bed(args.phenotypes)
  File "/home/klawren/micromamba/envs/tensorqtl_r/lib/python3.8/site-packages/tensorqtl/core.py", line 387, in read_phenotype_bed
    assert pos_df.equals(
AssertionError: Positions in BED file must be sorted.
[Fri Mar 22 13:35:36 2024]
Error in rule run_pcqtl_cis_nominal:
    jobid: 0
    input: data/processed/genotypes/GTEx_Analysis_2017-06-05_v8_WholeGenomeSeq_838Indiv_Analysis_Freeze.SHAPEIT2_phased.MAF01.fam, output/pcs_proteincoding/Skin_Not_Sun_Exposed_Suprapubic.pcs.bed, data/processed/covariates_tami/Skin_Not_Sun_Exposed_Suprapubic.v8.covariates.txt
    output: output/pcqtl_proteincoding/Skin_Not_Sun_Exposed_Suprapubic/Skin_Not_Sun_Exposed_Suprapubic.v8.pcs.cis_qtl_pairs.chr1.parquet, output/pcqtl_proteincoding/Skin_Not_Sun_Exposed_Suprapubic/Skin_Not_Sun_Exposed_Suprapubic.v8.pcs.cis_qtl_pairs.chr2.parquet, output/pcqtl_proteincoding/Skin_Not_Sun_Exposed_Suprapubic/Skin_Not_Sun_Exposed_Suprapubic.v8.pcs.cis_qtl_pairs.chr3.parquet, output/pcqtl_proteincoding/Skin_Not_Sun_Exposed_Suprapubic/Skin_Not_Sun_Exposed_Suprapubic.v8.pcs.cis_qtl_pairs.chr4.parquet, output/pcqtl_proteincoding/Skin_Not_Sun_Exposed_Suprapubic/Skin_Not_Sun_Exposed_Suprapubic.v8.pcs.cis_qtl_pairs.chr5.parquet, output/pcqtl_proteincoding/Skin_Not_Sun_Exposed_Suprapubic/Skin_Not_Sun_Exposed_Suprapubic.v8.pcs.cis_qtl_pairs.chr6.parquet, output/pcqtl_proteincoding/Skin_Not_Sun_Exposed_Suprapubic/Skin_Not_Sun_Exposed_Suprapubic.v8.pcs.cis_qtl_pairs.chr7.parquet, output/pcqtl_proteincoding/Skin_Not_Sun_Exposed_Suprapubic/Skin_Not_Sun_Exposed_Suprapubic.v8.pcs.cis_qtl_pairs.chr8.parquet, output/pcqtl_proteincoding/Skin_Not_Sun_Exposed_Suprapubic/Skin_Not_Sun_Exposed_Suprapubic.v8.pcs.cis_qtl_pairs.chr9.parquet, output/pcqtl_proteincoding/Skin_Not_Sun_Exposed_Suprapubic/Skin_Not_Sun_Exposed_Suprapubic.v8.pcs.cis_qtl_pairs.chr10.parquet, output/pcqtl_proteincoding/Skin_Not_Sun_Exposed_Suprapubic/Skin_Not_Sun_Exposed_Suprapubic.v8.pcs.cis_qtl_pairs.chr11.parquet, output/pcqtl_proteincoding/Skin_Not_Sun_Exposed_Suprapubic/Skin_Not_Sun_Exposed_Suprapubic.v8.pcs.cis_qtl_pairs.chr12.parquet, output/pcqtl_proteincoding/Skin_Not_Sun_Exposed_Suprapubic/Skin_Not_Sun_Exposed_Suprapubic.v8.pcs.cis_qtl_pairs.chr13.parquet, output/pcqtl_proteincoding/Skin_Not_Sun_Exposed_Suprapubic/Skin_Not_Sun_Exposed_Suprapubic.v8.pcs.cis_qtl_pairs.chr14.parquet, output/pcqtl_proteincoding/Skin_Not_Sun_Exposed_Suprapubic/Skin_Not_Sun_Exposed_Suprapubic.v8.pcs.cis_qtl_pairs.chr15.parquet, output/pcqtl_proteincoding/Skin_Not_Sun_Exposed_Suprapubic/Skin_Not_Sun_Exposed_Suprapubic.v8.pcs.cis_qtl_pairs.chr16.parquet, output/pcqtl_proteincoding/Skin_Not_Sun_Exposed_Suprapubic/Skin_Not_Sun_Exposed_Suprapubic.v8.pcs.cis_qtl_pairs.chr17.parquet, output/pcqtl_proteincoding/Skin_Not_Sun_Exposed_Suprapubic/Skin_Not_Sun_Exposed_Suprapubic.v8.pcs.cis_qtl_pairs.chr18.parquet, output/pcqtl_proteincoding/Skin_Not_Sun_Exposed_Suprapubic/Skin_Not_Sun_Exposed_Suprapubic.v8.pcs.cis_qtl_pairs.chr19.parquet, output/pcqtl_proteincoding/Skin_Not_Sun_Exposed_Suprapubic/Skin_Not_Sun_Exposed_Suprapubic.v8.pcs.cis_qtl_pairs.chr20.parquet, output/pcqtl_proteincoding/Skin_Not_Sun_Exposed_Suprapubic/Skin_Not_Sun_Exposed_Suprapubic.v8.pcs.cis_qtl_pairs.chr21.parquet, output/pcqtl_proteincoding/Skin_Not_Sun_Exposed_Suprapubic/Skin_Not_Sun_Exposed_Suprapubic.v8.pcs.cis_qtl_pairs.chr22.parquet
    conda-env: tensorqtl_r
    shell:
        
        python -m tensorqtl data/processed/genotypes/GTEx_Analysis_2017-06-05_v8_WholeGenomeSeq_838Indiv_Analysis_Freeze.SHAPEIT2_phased.MAF01             output/pcs_proteincoding/Skin_Not_Sun_Exposed_Suprapubic.pcs.bed             output/pcqtl_proteincoding/Skin_Not_Sun_Exposed_Suprapubic/Skin_Not_Sun_Exposed_Suprapubic.v8.pcs             --covariates data/processed/covariates_tami/Skin_Not_Sun_Exposed_Suprapubic.v8.covariates.txt             --mode cis_nominal
        
        (one of the commands exited with non-zero exit code; note that snakemake uses bash strict mode!)

Shutting down, this might take some time.
Exiting because a job execution failed. Look above for error message
