Building DAG of jobs...
Using shell: /home/klawren/micromamba/bin/bash
Provided cores: 1 (use --cores to define parallelism)
Rules claiming more threads will be scaled down.
Provided resources: mem_mb=5000, mem_mib=954, disk_mb=1000, disk_mib=954, nodes=1, threads=1
Select jobs to execute...

[Thu Mar 21 11:39:16 2024]
rule overlap_to_vcf:
    input: output/overlap_proteincoding/Cells_Cultured_fibroblasts.v8.overlap.txt
    output: output/annotations_proteincoding/Cells_Cultured_fibroblasts.v8.leadvars.vcf
    jobid: 0
    reason: Missing output files: output/annotations_proteincoding/Cells_Cultured_fibroblasts.v8.leadvars.vcf
    wildcards: TISSUE=Cells_Cultured_fibroblasts
    resources: mem_mb=5000, mem_mib=954, disk_mb=1000, disk_mib=954, tmpdir=/local/scratch/klawren/slrmtmp.42773109, partition=batch, account=smontgom, time=00:10:00, mem=5G, nodes=1, threads=1

python -c "from __future__ import print_function; import sys, json; print(json.dumps([sys.version_info.major, sys.version_info.minor]))"
Activating conda environment: coloc
python /oak/stanford/groups/smontgom/klawren/pcqtls/.snakemake/scripts/tmpl10csgg6.overlap_to_vcf.py
Activating conda environment: coloc
Not cleaning up /oak/stanford/groups/smontgom/klawren/pcqtls/.snakemake/scripts/tmpl10csgg6.overlap_to_vcf.py
[Thu Mar 21 11:39:27 2024]
Finished job 0.
1 of 1 steps (100%) done
