Building DAG of jobs...
Using shell: /home/klawren/micromamba/bin/bash
Provided cores: 1 (use --cores to define parallelism)
Rules claiming more threads will be scaled down.
Provided resources: mem_mb=30000, mem_mib=954, disk_mb=1000, disk_mib=954, nodes=1, threads=1
Select jobs to execute...

[Fri Mar 22 13:35:39 2024]
rule run_pcqtl_susie:
    input: data/processed/genotypes/GTEx_Analysis_2017-06-05_v8_WholeGenomeSeq_838Indiv_Analysis_Freeze.SHAPEIT2_phased.MAF01.fam, output/pcs_proteincoding/Esophagus_Muscularis.pcs.bed, data/processed/covariates_tami/Esophagus_Muscularis.v8.covariates.txt
    output: output/pcqtl_proteincoding/Esophagus_Muscularis/Esophagus_Muscularis.v8.pcs.susie.txt
    jobid: 0
    reason: Missing output files: output/pcqtl_proteincoding/Esophagus_Muscularis/Esophagus_Muscularis.v8.pcs.susie.txt
    wildcards: TISSUE=Esophagus_Muscularis
    resources: mem_mb=30000, mem_mib=954, disk_mb=1000, disk_mib=954, tmpdir=/local/scratch/klawren/slrmtmp.42774702, partition=batch, account=smontgom, time=2:00:00, mem=30G, nodes=1, threads=1


        python workflow/scripts/run_susie.py data/processed/genotypes/GTEx_Analysis_2017-06-05_v8_WholeGenomeSeq_838Indiv_Analysis_Freeze.SHAPEIT2_phased.MAF01             output/pcs_proteincoding/Esophagus_Muscularis.pcs.bed             output/pcqtl_proteincoding/Esophagus_Muscularis/Esophagus_Muscularis.v8.pcs.susie.txt             data/processed/covariates_tami/Esophagus_Muscularis.v8.covariates.txt
        
Activating conda environment: tensorqtl_r
Warning: The R output will not be colorized because it seems that your terminal does not support ANSI escape codes. isatty(stdout()) returned FALSE.

Mapping files:   0%|          | 0/3 [00:00<?, ?it/s]Mapping files:  33%|███▎      | 1/3 [00:17<00:34, 17.48s/it]Mapping files:  67%|██████▋   | 2/3 [00:18<00:07,  7.87s/it]Mapping files: 100%|██████████| 3/3 [00:23<00:00,  6.51s/it]Mapping files: 100%|██████████| 3/3 [00:23<00:00,  7.84s/it]
[Fri Mar 22 13:55:06 2024]
Finished job 0.
1 of 1 steps (100%) done
