Building DAG of jobs...
Using shell: /home/klawren/micromamba/bin/bash
Provided cores: 1 (use --cores to define parallelism)
Rules claiming more threads will be scaled down.
Provided resources: mem_mb=30000, mem_mib=954, disk_mb=1000, disk_mib=954, nodes=1, threads=1
Select jobs to execute...

[Thu Mar 21 11:11:50 2024]
rule run_eqtl_susie:
    input: data/processed/genotypes/GTEx_Analysis_2017-06-05_v8_WholeGenomeSeq_838Indiv_Analysis_Freeze.SHAPEIT2_phased.MAF01.fam, data/processed/clusters_proteincoding_expression/Cells_Cultured_fibroblasts.v8.normalized_expression.cluster_genes.bed, data/processed/covariates_tami/Cells_Cultured_fibroblasts.v8.covariates.txt
    output: output/control_eqtl_proteincoding/Cells_Cultured_fibroblasts/Cells_Cultured_fibroblasts.v8.cluster_genes.susie.txt
    jobid: 0
    reason: Missing output files: output/control_eqtl_proteincoding/Cells_Cultured_fibroblasts/Cells_Cultured_fibroblasts.v8.cluster_genes.susie.txt
    wildcards: TISSUE=Cells_Cultured_fibroblasts
    resources: mem_mb=30000, mem_mib=954, disk_mb=1000, disk_mib=954, tmpdir=/local/scratch/klawren/slrmtmp.42772877, partition=batch, account=smontgom, time=2:00:00, mem=30G, nodes=1, threads=1


        python workflow/scripts/run_susie.py data/processed/genotypes/GTEx_Analysis_2017-06-05_v8_WholeGenomeSeq_838Indiv_Analysis_Freeze.SHAPEIT2_phased.MAF01             data/processed/clusters_proteincoding_expression/Cells_Cultured_fibroblasts.v8.normalized_expression.cluster_genes.bed             output/control_eqtl_proteincoding/Cells_Cultured_fibroblasts/Cells_Cultured_fibroblasts.v8.cluster_genes.susie.txt             data/processed/covariates_tami/Cells_Cultured_fibroblasts.v8.covariates.txt
        
Activating conda environment: tensorqtl_r
Warning: The R output will not be colorized because it seems that your terminal does not support ANSI escape codes. isatty(stdout()) returned FALSE.

Mapping files:   0%|          | 0/3 [00:00<?, ?it/s]Mapping files:  33%|███▎      | 1/3 [00:12<00:25, 12.58s/it]Mapping files:  67%|██████▋   | 2/3 [00:13<00:05,  5.74s/it]Mapping files: 100%|██████████| 3/3 [00:17<00:00,  4.94s/it]Mapping files: 100%|██████████| 3/3 [00:17<00:00,  5.84s/it]
[Thu Mar 21 11:38:12 2024]
Finished job 0.
1 of 1 steps (100%) done
