Building DAG of jobs...
Using shell: /home/klawren/micromamba/bin/bash
Provided cores: 1 (use --cores to define parallelism)
Rules claiming more threads will be scaled down.
Provided resources: mem_mb=30000, mem_mib=954, disk_mb=1000, disk_mib=954, nodes=1, threads=1
Select jobs to execute...

[Fri Mar 22 13:35:07 2024]
rule run_eqtl_susie:
    input: data/processed/genotypes/GTEx_Analysis_2017-06-05_v8_WholeGenomeSeq_838Indiv_Analysis_Freeze.SHAPEIT2_phased.MAF01.fam, data/processed/clusters_proteincoding_expression/Whole_Blood.v8.normalized_expression.cluster_genes.bed, data/processed/covariates_tami/Whole_Blood.v8.covariates.txt
    output: output/control_eqtl_proteincoding/Whole_Blood/Whole_Blood.v8.cluster_genes.susie.txt
    jobid: 0
    reason: Missing output files: output/control_eqtl_proteincoding/Whole_Blood/Whole_Blood.v8.cluster_genes.susie.txt
    wildcards: TISSUE=Whole_Blood
    resources: mem_mb=30000, mem_mib=954, disk_mb=1000, disk_mib=954, tmpdir=/local/scratch/klawren/slrmtmp.42774692, partition=batch, account=smontgom, time=2:00:00, mem=30G, nodes=1, threads=1


        python workflow/scripts/run_susie.py data/processed/genotypes/GTEx_Analysis_2017-06-05_v8_WholeGenomeSeq_838Indiv_Analysis_Freeze.SHAPEIT2_phased.MAF01             data/processed/clusters_proteincoding_expression/Whole_Blood.v8.normalized_expression.cluster_genes.bed             output/control_eqtl_proteincoding/Whole_Blood/Whole_Blood.v8.cluster_genes.susie.txt             data/processed/covariates_tami/Whole_Blood.v8.covariates.txt
        
Activating conda environment: tensorqtl_r
Warning: The R output will not be colorized because it seems that your terminal does not support ANSI escape codes. isatty(stdout()) returned FALSE.

Mapping files:   0%|          | 0/3 [00:00<?, ?it/s]Mapping files:  33%|███▎      | 1/3 [00:17<00:35, 17.58s/it]Mapping files:  67%|██████▋   | 2/3 [00:18<00:07,  7.86s/it]Mapping files: 100%|██████████| 3/3 [00:22<00:00,  6.17s/it]Mapping files: 100%|██████████| 3/3 [00:22<00:00,  7.60s/it]
[Fri Mar 22 14:08:00 2024]
Finished job 0.
1 of 1 steps (100%) done
