Building DAG of jobs...
Using shell: /home/klawren/micromamba/bin/bash
Provided cores: 1 (use --cores to define parallelism)
Rules claiming more threads will be scaled down.
Provided resources: mem_mb=20000, mem_mib=954, disk_mb=1000, disk_mib=954, nodes=1, threads=1
Select jobs to execute...

[Fri Mar 22 14:08:14 2024]
rule annotate_top_vars:
    input: output/annotations_proteincoding/Cells_Cultured_fibroblasts.v8.leadvars.vcf
    output: output/annotations_proteincoding/Cells_Cultured_fibroblasts.v8.leadvars.vep.vcf, output/annotations_proteincoding/Cells_Cultured_fibroblasts.v8.leadvars.vep.vcf_summary.html
    jobid: 0
    reason: Missing output files: output/annotations_proteincoding/Cells_Cultured_fibroblasts.v8.leadvars.vep.vcf_summary.html, output/annotations_proteincoding/Cells_Cultured_fibroblasts.v8.leadvars.vep.vcf
    wildcards: TISSUE=Cells_Cultured_fibroblasts
    resources: mem_mb=20000, mem_mib=954, disk_mb=1000, disk_mib=954, tmpdir=/local/scratch/klawren/slrmtmp.42774765, partition=batch, account=smontgom, time=00:10:00, mem=20G, nodes=1, threads=1


    vep -i output/annotations_proteincoding/Cells_Cultured_fibroblasts.v8.leadvars.vcf         -o output/annotations_proteincoding/Cells_Cultured_fibroblasts.v8.leadvars.vep.vcf         --cache --vcf -v --force_overwrite         --dir_cache data/references/vep/         --no_check_variants_order         --nearest transcript         --symbol --biotype --regulatory --af --pubmed
    
Activating conda environment: coloc
Smartmatch is experimental at /home/klawren/micromamba/envs/coloc/share/ensembl-vep-110.1-4/modules/Bio/EnsEMBL/VEP/AnnotationSource/File.pm line 472.
Use of uninitialized value $ensembl_metadata_db in concatenation (.) or string at /home/klawren/micromamba/envs/coloc/share/ensembl-vep-110.1-4/Bio/EnsEMBL/Registry.pm line 2393.
[Fri Mar 22 14:14:12 2024]
Finished job 0.
1 of 1 steps (100%) done
